2026-02-03T11:47:57.812Z [INFO] Database setup complete {"path":"./test-comprehensive.db"}
2026-02-03T11:47:57.820Z [INFO] Database setup complete {"path":"./test-comprehensive.db_concurrent"}
2026-02-03T11:47:58.027Z [INFO] Database setup complete {"path":":memory:"}
2026-02-03T11:47:58.029Z [INFO] Database setup complete {"path":":memory:"}
2026-02-03T11:47:58.032Z [INFO] Database setup complete {"path":":memory:"}
2026-02-03T11:47:58.033Z [INFO] Database setup complete {"path":":memory:"}
2026-02-03T11:47:58.035Z [INFO] Database setup complete {"path":":memory:"}
2026-02-03T11:47:58.036Z [INFO] Database setup complete {"path":":memory:"}
2026-02-03T11:47:58.037Z [INFO] Database setup complete {"path":":memory:"}
2026-02-03T11:47:58.038Z [INFO] Database setup complete {"path":":memory:"}
2026-02-03T11:47:58.039Z [INFO] Database setup complete {"path":":memory:"}
2026-02-03T11:47:58.040Z [INFO] Database setup complete {"path":":memory:"}
2026-02-03T11:49:13.250Z [INFO] Database setup complete {"path":"./test-comprehensive.db"}
2026-02-03T11:49:13.258Z [INFO] Database setup complete {"path":"./test-comprehensive.db_concurrent"}
2026-02-03T11:49:13.466Z [INFO] Database setup complete {"path":":memory:"}
2026-02-03T11:49:13.468Z [INFO] Database setup complete {"path":":memory:"}
2026-02-03T11:49:13.469Z [INFO] Database setup complete {"path":":memory:"}
2026-02-03T11:49:13.473Z [INFO] Database setup complete {"path":":memory:"}
2026-02-03T11:49:13.474Z [INFO] Database setup complete {"path":":memory:"}
2026-02-03T11:49:13.475Z [INFO] Database setup complete {"path":":memory:"}
2026-02-03T11:49:13.476Z [INFO] Database setup complete {"path":":memory:"}
2026-02-03T11:49:13.476Z [INFO] Database setup complete {"path":":memory:"}
2026-02-03T11:49:13.477Z [INFO] Database setup complete {"path":":memory:"}
2026-02-03T11:49:13.478Z [INFO] Database setup complete {"path":":memory:"}
2026-02-03T11:50:23.519Z [INFO] Database setup complete {"path":"./test-comprehensive.db"}
2026-02-03T11:50:23.527Z [INFO] Database setup complete {"path":"./test-comprehensive.db_concurrent"}
2026-02-03T11:50:23.738Z [INFO] Database setup complete {"path":":memory:"}
2026-02-03T11:50:23.740Z [INFO] Database setup complete {"path":":memory:"}
2026-02-03T11:50:23.741Z [INFO] Database setup complete {"path":":memory:"}
2026-02-03T11:50:23.745Z [INFO] Database setup complete {"path":":memory:"}
2026-02-03T11:50:23.747Z [INFO] Database setup complete {"path":":memory:"}
2026-02-03T11:50:23.749Z [INFO] Database setup complete {"path":":memory:"}
2026-02-03T11:50:23.750Z [INFO] Database setup complete {"path":":memory:"}
2026-02-03T11:50:23.750Z [INFO] Database setup complete {"path":":memory:"}
2026-02-03T11:50:23.751Z [INFO] Database setup complete {"path":":memory:"}
2026-02-03T11:50:23.752Z [INFO] Database setup complete {"path":":memory:"}
2026-02-03T11:50:23.755Z [INFO] Database setup complete {"path":":memory:"}
2026-02-03T11:51:53.044Z [INFO] Initializing bot...
2026-02-03T11:51:53.047Z [INFO] Database setup complete {"path":":memory:"}
2026-02-03T11:51:53.047Z [INFO] Telegram API validated {"username":"test_bot"}
2026-02-03T11:51:53.047Z [INFO] Polymarket API validated
2026-02-03T11:51:53.048Z [INFO] Bot initialization complete
2026-02-03T11:51:53.048Z [INFO] Stopping bot...
2026-02-03T11:51:53.048Z [INFO] Database closed
2026-02-03T11:51:53.048Z [INFO] Initializing bot...
2026-02-03T11:51:53.048Z [INFO] Database setup complete {"path":":memory:"}
2026-02-03T11:51:53.048Z [INFO] Telegram API validated {"username":"test_bot"}
2026-02-03T11:51:53.048Z [INFO] Polymarket API validated
2026-02-03T11:51:53.048Z [INFO] Bot initialization complete
2026-02-03T11:51:53.049Z [INFO] Stopping bot...
2026-02-03T11:51:53.049Z [INFO] Database closed
2026-02-03T11:51:53.049Z [INFO] Initializing bot...
2026-02-03T11:51:53.049Z [INFO] Database setup complete {"path":":memory:"}
2026-02-03T11:51:53.049Z [INFO] Telegram API validated {"username":"test_bot"}
2026-02-03T11:51:53.049Z [INFO] Bot initialization complete
2026-02-03T11:51:53.050Z [INFO] Stopping bot...
2026-02-03T11:51:53.050Z [INFO] Database closed
2026-02-03T11:51:53.050Z [INFO] Initializing bot...
2026-02-03T11:51:53.050Z [INFO] Database setup complete {"path":":memory:"}
2026-02-03T11:51:53.050Z [INFO] Telegram API validated {"username":"test_bot"}
2026-02-03T11:51:53.050Z [INFO] Polymarket API validated
2026-02-03T11:51:53.050Z [INFO] Bot initialization complete
2026-02-03T11:51:53.063Z [INFO] Stopping bot...
2026-02-03T11:51:53.063Z [INFO] Database closed
