[2026-02-03 19:32:24] === Chat Monitor Starting ===
[2026-02-03 19:32:24] Checking iMessage...
[2026-02-03 19:32:24] New iMessage from +351914965068: Awesome thanks 
[2026-02-03 19:32:24] Sent iMessage response to +351914965068
[2026-02-03 19:32:24] Checking Telegram (monitoring active window)...
[2026-02-03 19:32:24] In AlphaTON Management group - ready to respond
[2026-02-03 19:32:24] === Monitor Cycle Complete ===
[2026-02-03 19:33:00] === Chat Monitor Starting ===
[2026-02-03 19:33:00] Checking iMessage...
[2026-02-03 19:33:00] Checking Telegram (monitoring active window)...
[2026-02-03 19:33:09] === Monitor Cycle Complete ===
[2026-02-03 19:36:00] === Chat Monitor Starting ===
[2026-02-03 19:36:00] Checking iMessage...
[2026-02-03 19:36:00] Checking Telegram (monitoring active window)...
[2026-02-03 19:36:00] In AlphaTON Management group - ready to respond
[2026-02-03 19:36:00] === Monitor Cycle Complete ===
[2026-02-03 19:39:01] === Chat Monitor Starting ===
[2026-02-03 19:39:01] Checking iMessage...
[2026-02-03 19:39:01] Checking Telegram (monitoring active window)...
[2026-02-03 19:39:01] In AlphaTON Management group - ready to respond
[2026-02-03 19:39:01] === Monitor Cycle Complete ===
[2026-02-03 19:42:00] === Chat Monitor Starting ===
[2026-02-03 19:42:00] Checking iMessage...
[2026-02-03 19:42:00] Checking Telegram (monitoring active window)...
[2026-02-03 19:42:00] In AlphaTON Management group - ready to respond
[2026-02-03 19:42:00] === Monitor Cycle Complete ===
[2026-02-03 19:45:01] === Chat Monitor Starting ===
[2026-02-03 19:45:01] Checking iMessage...
[2026-02-03 19:45:01] Checking Telegram (monitoring active window)...
[2026-02-03 19:45:01] In AlphaTON Management group - ready to respond
[2026-02-03 19:45:01] === Monitor Cycle Complete ===
[2026-02-03 19:48:00] === Chat Monitor Starting ===
[2026-02-03 19:48:00] Checking iMessage...
[2026-02-03 19:48:00] Checking Telegram (monitoring active window)...
[2026-02-03 19:48:00] In AlphaTON Management group - ready to respond
[2026-02-03 19:48:00] === Monitor Cycle Complete ===
[2026-02-03 19:51:01] === Chat Monitor Starting ===
[2026-02-03 19:51:01] Checking iMessage...
[2026-02-03 19:51:01] Checking Telegram (monitoring active window)...
[2026-02-03 19:51:01] In AlphaTON Management group - ready to respond
[2026-02-03 19:51:01] === Monitor Cycle Complete ===
[2026-02-03 19:54:00] === Chat Monitor Starting ===
[2026-02-03 19:54:00] Checking iMessage...
[2026-02-03 19:54:00] Checking Telegram (monitoring active window)...
[2026-02-03 19:54:00] In AlphaTON Management group - ready to respond
[2026-02-03 19:54:00] === Monitor Cycle Complete ===
[2026-02-03 19:57:00] === Chat Monitor Starting ===
[2026-02-03 19:57:00] Checking iMessage...
[2026-02-03 19:57:00] Checking Telegram (monitoring active window)...
[2026-02-03 19:57:01] === Monitor Cycle Complete ===
[2026-02-03 20:00:00] === Chat Monitor Starting ===
[2026-02-03 20:00:00] Checking iMessage...
[2026-02-03 20:00:00] Checking Telegram (monitoring active window)...
[2026-02-03 20:00:00] === Monitor Cycle Complete ===
[2026-02-03 20:03:00] === Chat Monitor Starting ===
[2026-02-03 20:03:00] Checking iMessage...
[2026-02-03 20:03:00] Checking Telegram (monitoring active window)...
[2026-02-03 20:03:00] === Monitor Cycle Complete ===
[2026-02-03 20:06:00] === Chat Monitor Starting ===
[2026-02-03 20:06:00] Checking iMessage...
[2026-02-03 20:06:00] Checking Telegram (monitoring active window)...
[2026-02-03 20:06:00] === Monitor Cycle Complete ===
[2026-02-03 20:09:00] === Chat Monitor Starting ===
[2026-02-03 20:09:00] Checking iMessage...
[2026-02-03 20:09:00] Checking Telegram (monitoring active window)...
[2026-02-03 20:09:00] === Monitor Cycle Complete ===
[2026-02-03 20:12:00] === Chat Monitor Starting ===
[2026-02-03 20:12:00] Checking iMessage...
[2026-02-03 20:12:00] Checking Telegram (monitoring active window)...
[2026-02-03 20:12:00] In AlphaTON Management group - ready to respond
[2026-02-03 20:12:00] === Monitor Cycle Complete ===
[2026-02-03 20:15:00] === Chat Monitor Starting ===
[2026-02-03 20:15:00] Checking iMessage...
[2026-02-03 20:15:00] Checking Telegram (monitoring active window)...
[2026-02-03 20:15:00] In AlphaTON Management group - ready to respond
[2026-02-03 20:15:00] === Monitor Cycle Complete ===
[2026-02-03 20:18:01] === Chat Monitor Starting ===
[2026-02-03 20:18:01] Checking iMessage...
[2026-02-03 20:18:01] Checking Telegram (monitoring active window)...
[2026-02-03 20:18:01] In AlphaTON Management group - ready to respond
[2026-02-03 20:18:01] === Monitor Cycle Complete ===
[2026-02-03 20:21:00] === Chat Monitor Starting ===
[2026-02-03 20:21:00] Checking iMessage...
[2026-02-03 20:21:00] Checking Telegram (monitoring active window)...
[2026-02-03 20:21:00] In AlphaTON Management group - ready to respond
[2026-02-03 20:21:00] === Monitor Cycle Complete ===
[2026-02-03 20:24:00] === Chat Monitor Starting ===
[2026-02-03 20:24:00] Checking iMessage...
[2026-02-03 20:24:00] Checking Telegram (monitoring active window)...
[2026-02-03 20:24:01] In AlphaTON Management group - ready to respond
[2026-02-03 20:24:01] === Monitor Cycle Complete ===
[2026-02-03 20:27:00] === Chat Monitor Starting ===
[2026-02-03 20:27:00] Checking iMessage...
[2026-02-03 20:27:00] Checking Telegram (monitoring active window)...
[2026-02-03 20:27:00] === Monitor Cycle Complete ===
[2026-02-03 20:30:00] === Chat Monitor Starting ===
[2026-02-03 20:30:00] Checking iMessage...
[2026-02-03 20:30:00] Checking Telegram (monitoring active window)...
[2026-02-03 20:30:00] === Monitor Cycle Complete ===
[2026-02-03 20:33:00] === Chat Monitor Starting ===
[2026-02-03 20:33:00] Checking iMessage...
[2026-02-03 20:33:00] Checking Telegram (monitoring active window)...
[2026-02-03 20:33:01] === Monitor Cycle Complete ===
[2026-02-03 20:36:00] === Chat Monitor Starting ===
[2026-02-03 20:36:00] Checking iMessage...
[2026-02-03 20:36:00] Checking Telegram (monitoring active window)...
[2026-02-03 20:36:00] === Monitor Cycle Complete ===
[2026-02-03 20:39:01] === Chat Monitor Starting ===
[2026-02-03 20:39:01] Checking iMessage...
[2026-02-03 20:39:01] Checking Telegram (monitoring active window)...
[2026-02-03 20:39:01] === Monitor Cycle Complete ===
[2026-02-03 20:42:00] === Chat Monitor Starting ===
[2026-02-03 20:42:00] Checking iMessage...
[2026-02-03 20:42:00] Checking Telegram (monitoring active window)...
[2026-02-03 20:42:00] === Monitor Cycle Complete ===
[2026-02-03 20:45:00] === Chat Monitor Starting ===
[2026-02-03 20:45:00] Checking iMessage...
[2026-02-03 20:45:00] Checking Telegram (monitoring active window)...
[2026-02-03 20:45:00] === Monitor Cycle Complete ===
[2026-02-03 20:48:00] === Chat Monitor Starting ===
[2026-02-03 20:48:00] Checking iMessage...
[2026-02-03 20:48:00] Checking Telegram (monitoring active window)...
[2026-02-03 20:48:01] === Monitor Cycle Complete ===
[2026-02-03 20:51:00] === Chat Monitor Starting ===
[2026-02-03 20:51:00] Checking iMessage...
[2026-02-03 20:51:00] Checking Telegram (monitoring active window)...
[2026-02-03 20:51:00] === Monitor Cycle Complete ===
[2026-02-03 20:54:01] === Chat Monitor Starting ===
[2026-02-03 20:54:01] Checking iMessage...
[2026-02-03 20:54:01] Checking Telegram (monitoring active window)...
[2026-02-03 20:54:01] === Monitor Cycle Complete ===
[2026-02-03 20:57:00] === Chat Monitor Starting ===
[2026-02-03 20:57:00] Checking iMessage...
[2026-02-03 20:57:00] Checking Telegram (monitoring active window)...
[2026-02-03 20:57:00] === Monitor Cycle Complete ===
[2026-02-03 21:00:00] === Chat Monitor Starting ===
[2026-02-03 21:00:00] Checking iMessage...
[2026-02-03 21:00:00] Checking Telegram (monitoring active window)...
[2026-02-03 21:00:00] === Monitor Cycle Complete ===
[2026-02-03 21:03:00] === Chat Monitor Starting ===
[2026-02-03 21:03:00] Checking iMessage...
[2026-02-03 21:03:00] Checking Telegram (monitoring active window)...
[2026-02-03 21:03:01] === Monitor Cycle Complete ===
[2026-02-03 21:06:00] === Chat Monitor Starting ===
[2026-02-03 21:06:00] Checking iMessage...
[2026-02-03 21:06:00] Checking Telegram (monitoring active window)...
[2026-02-03 21:06:00] === Monitor Cycle Complete ===
[2026-02-03 21:09:00] === Chat Monitor Starting ===
[2026-02-03 21:09:00] Checking iMessage...
[2026-02-03 21:09:00] Checking Telegram (monitoring active window)...
[2026-02-03 21:09:00] === Monitor Cycle Complete ===
[2026-02-03 21:12:00] === Chat Monitor Starting ===
[2026-02-03 21:12:00] Checking iMessage...
[2026-02-03 21:12:00] Checking Telegram (monitoring active window)...
[2026-02-03 21:12:01] === Monitor Cycle Complete ===
[2026-02-03 21:15:00] === Chat Monitor Starting ===
[2026-02-03 21:15:00] Checking iMessage...
[2026-02-03 21:15:00] Checking Telegram (monitoring active window)...
[2026-02-03 21:15:00] === Monitor Cycle Complete ===
[2026-02-03 21:18:00] === Chat Monitor Starting ===
[2026-02-03 21:18:00] Checking iMessage...
[2026-02-03 21:18:00] Checking Telegram (monitoring active window)...
[2026-02-03 21:18:00] === Monitor Cycle Complete ===
[2026-02-03 21:21:00] === Chat Monitor Starting ===
[2026-02-03 21:21:00] Checking iMessage...
[2026-02-03 21:21:00] Checking Telegram (monitoring active window)...
[2026-02-03 21:21:00] === Monitor Cycle Complete ===
[2026-02-03 21:24:00] === Chat Monitor Starting ===
[2026-02-03 21:24:00] Checking iMessage...
[2026-02-03 21:24:00] Checking Telegram (monitoring active window)...
[2026-02-03 21:24:00] === Monitor Cycle Complete ===
[2026-02-03 21:27:00] === Chat Monitor Starting ===
[2026-02-03 21:27:00] Checking iMessage...
[2026-02-03 21:27:00] Checking Telegram (monitoring active window)...
[2026-02-03 21:27:01] === Monitor Cycle Complete ===
[2026-02-03 21:30:00] === Chat Monitor Starting ===
[2026-02-03 21:30:00] Checking iMessage...
[2026-02-03 21:30:00] Checking Telegram (monitoring active window)...
[2026-02-03 21:30:00] === Monitor Cycle Complete ===
[2026-02-03 21:33:00] === Chat Monitor Starting ===
[2026-02-03 21:33:00] Checking iMessage...
[2026-02-03 21:33:00] Checking Telegram (monitoring active window)...
[2026-02-03 21:33:00] === Monitor Cycle Complete ===
[2026-02-03 21:36:00] === Chat Monitor Starting ===
[2026-02-03 21:36:00] Checking iMessage...
[2026-02-03 21:36:00] Checking Telegram (monitoring active window)...
[2026-02-03 21:36:01] === Monitor Cycle Complete ===
[2026-02-03 21:39:00] === Chat Monitor Starting ===
[2026-02-03 21:39:00] Checking iMessage...
[2026-02-03 21:39:00] Checking Telegram (monitoring active window)...
[2026-02-03 21:39:00] === Monitor Cycle Complete ===
[2026-02-03 21:42:01] === Chat Monitor Starting ===
[2026-02-03 21:42:01] Checking iMessage...
[2026-02-03 21:42:01] Checking Telegram (monitoring active window)...
[2026-02-03 21:42:01] === Monitor Cycle Complete ===
[2026-02-03 21:45:00] === Chat Monitor Starting ===
[2026-02-03 21:45:00] Checking iMessage...
[2026-02-03 21:45:00] Checking Telegram (monitoring active window)...
[2026-02-03 21:45:00] === Monitor Cycle Complete ===
[2026-02-03 21:48:00] === Chat Monitor Starting ===
[2026-02-03 21:48:00] Checking iMessage...
[2026-02-03 21:48:00] Checking Telegram (monitoring active window)...
[2026-02-03 21:48:00] In AlphaTON Management group - ready to respond
[2026-02-03 21:48:00] === Monitor Cycle Complete ===
[2026-02-03 21:51:00] === Chat Monitor Starting ===
[2026-02-03 21:51:00] Checking iMessage...
[2026-02-03 21:51:00] Checking Telegram (monitoring active window)...
[2026-02-03 21:51:00] In AlphaTON Management group - ready to respond
[2026-02-03 21:51:00] === Monitor Cycle Complete ===
[2026-02-03 21:54:01] === Chat Monitor Starting ===
[2026-02-03 21:54:01] Checking iMessage...
[2026-02-03 21:54:01] Checking Telegram (monitoring active window)...
[2026-02-03 21:54:01] In AlphaTON Management group - ready to respond
[2026-02-03 21:54:01] === Monitor Cycle Complete ===
[2026-02-03 21:57:01] === Chat Monitor Starting ===
[2026-02-03 21:57:01] Checking iMessage...
[2026-02-03 21:57:01] Checking Telegram (monitoring active window)...
[2026-02-03 21:57:01] In AlphaTON Management group - ready to respond
[2026-02-03 21:57:01] === Monitor Cycle Complete ===
[2026-02-03 22:00:00] === Chat Monitor Starting ===
[2026-02-03 22:00:00] Checking iMessage...
[2026-02-03 22:00:01] Checking Telegram (monitoring active window)...
[2026-02-03 22:00:01] In AlphaTON Management group - ready to respond
[2026-02-03 22:00:01] === Monitor Cycle Complete ===
[2026-02-03 22:03:00] === Chat Monitor Starting ===
[2026-02-03 22:03:00] Checking iMessage...
[2026-02-03 22:03:00] Checking Telegram (monitoring active window)...
[2026-02-03 22:03:00] In AlphaTON Management group - ready to respond
[2026-02-03 22:03:00] === Monitor Cycle Complete ===
[2026-02-03 22:06:00] === Chat Monitor Starting ===
[2026-02-03 22:06:00] Checking iMessage...
[2026-02-03 22:06:00] Checking Telegram (monitoring active window)...
[2026-02-03 22:06:00] In AlphaTON Management group - ready to respond
[2026-02-03 22:06:00] === Monitor Cycle Complete ===
[2026-02-03 22:09:01] === Chat Monitor Starting ===
[2026-02-03 22:09:01] Checking iMessage...
[2026-02-03 22:09:01] Checking Telegram (monitoring active window)...
[2026-02-03 22:09:01] In AlphaTON Management group - ready to respond
[2026-02-03 22:09:01] === Monitor Cycle Complete ===
[2026-02-03 22:12:00] === Chat Monitor Starting ===
[2026-02-03 22:12:00] Checking iMessage...
[2026-02-03 22:12:00] Checking Telegram (monitoring active window)...
[2026-02-03 22:12:00] In AlphaTON Management group - ready to respond
[2026-02-03 22:12:00] === Monitor Cycle Complete ===
[2026-02-03 22:15:00] === Chat Monitor Starting ===
[2026-02-03 22:15:00] Checking iMessage...
[2026-02-03 22:15:00] Checking Telegram (monitoring active window)...
[2026-02-03 22:15:00] In AlphaTON Management group - ready to respond
[2026-02-03 22:15:00] === Monitor Cycle Complete ===
[2026-02-03 22:18:00] === Chat Monitor Starting ===
[2026-02-03 22:18:00] Checking iMessage...
[2026-02-03 22:18:00] Checking Telegram (monitoring active window)...
[2026-02-03 22:18:00] In AlphaTON Management group - ready to respond
[2026-02-03 22:18:00] === Monitor Cycle Complete ===
[2026-02-03 22:21:00] === Chat Monitor Starting ===
[2026-02-03 22:21:00] Checking iMessage...
[2026-02-03 22:21:00] Checking Telegram (monitoring active window)...
[2026-02-03 22:21:01] In AlphaTON Management group - ready to respond
[2026-02-03 22:21:01] === Monitor Cycle Complete ===
[2026-02-03 22:24:00] === Chat Monitor Starting ===
[2026-02-03 22:24:00] Checking iMessage...
[2026-02-03 22:24:00] Checking Telegram (monitoring active window)...
[2026-02-03 22:24:00] === Monitor Cycle Complete ===
[2026-02-03 22:27:00] === Chat Monitor Starting ===
[2026-02-03 22:27:00] Checking iMessage...
[2026-02-03 22:27:00] Checking Telegram (monitoring active window)...
[2026-02-03 22:27:01] === Monitor Cycle Complete ===
[2026-02-03 22:30:01] === Chat Monitor Starting ===
[2026-02-03 22:30:01] Checking iMessage...
[2026-02-03 22:30:01] Checking Telegram (monitoring active window)...
[2026-02-03 22:30:01] === Monitor Cycle Complete ===
[2026-02-03 22:33:00] === Chat Monitor Starting ===
[2026-02-03 22:33:00] Checking iMessage...
[2026-02-03 22:33:00] Checking Telegram (monitoring active window)...
[2026-02-03 22:33:00] === Monitor Cycle Complete ===
[2026-02-03 22:36:00] === Chat Monitor Starting ===
[2026-02-03 22:36:00] Checking iMessage...
[2026-02-03 22:36:00] Checking Telegram (monitoring active window)...
[2026-02-03 22:36:00] === Monitor Cycle Complete ===
[2026-02-03 22:39:01] === Chat Monitor Starting ===
[2026-02-03 22:39:01] Checking iMessage...
[2026-02-03 22:39:01] Checking Telegram (monitoring active window)...
[2026-02-03 22:39:01] === Monitor Cycle Complete ===
[2026-02-03 22:42:00] === Chat Monitor Starting ===
[2026-02-03 22:42:00] Checking iMessage...
[2026-02-03 22:42:00] Checking Telegram (monitoring active window)...
[2026-02-03 22:42:00] === Monitor Cycle Complete ===
[2026-02-03 22:45:00] === Chat Monitor Starting ===
[2026-02-03 22:45:00] Checking iMessage...
[2026-02-03 22:45:00] Checking Telegram (monitoring active window)...
[2026-02-03 22:45:01] === Monitor Cycle Complete ===
[2026-02-03 22:48:00] === Chat Monitor Starting ===
[2026-02-03 22:48:00] Checking iMessage...
[2026-02-03 22:48:00] Checking Telegram (monitoring active window)...
[2026-02-03 22:48:01] === Monitor Cycle Complete ===
[2026-02-03 22:51:00] === Chat Monitor Starting ===
[2026-02-03 22:51:00] Checking iMessage...
[2026-02-03 22:51:00] Checking Telegram (monitoring active window)...
[2026-02-03 22:51:00] === Monitor Cycle Complete ===
[2026-02-03 22:54:00] === Chat Monitor Starting ===
[2026-02-03 22:54:00] Checking iMessage...
[2026-02-03 22:54:00] Checking Telegram (monitoring active window)...
[2026-02-03 22:54:01] === Monitor Cycle Complete ===
[2026-02-03 22:57:00] === Chat Monitor Starting ===
[2026-02-03 22:57:00] Checking iMessage...
[2026-02-03 22:57:00] Checking Telegram (monitoring active window)...
[2026-02-03 22:57:00] === Monitor Cycle Complete ===
[2026-02-03 23:00:00] === Chat Monitor Starting ===
[2026-02-03 23:00:00] Checking iMessage...
[2026-02-03 23:00:00] Checking Telegram (monitoring active window)...
[2026-02-03 23:00:01] === Monitor Cycle Complete ===
[2026-02-03 23:03:00] === Chat Monitor Starting ===
[2026-02-03 23:03:00] Checking iMessage...
[2026-02-03 23:03:00] Checking Telegram (monitoring active window)...
[2026-02-03 23:03:00] === Monitor Cycle Complete ===
[2026-02-03 23:06:00] === Chat Monitor Starting ===
[2026-02-03 23:06:00] Checking iMessage...
[2026-02-03 23:06:00] Checking Telegram (monitoring active window)...
[2026-02-03 23:06:01] === Monitor Cycle Complete ===
[2026-02-03 23:09:00] === Chat Monitor Starting ===
[2026-02-03 23:09:00] Checking iMessage...
[2026-02-03 23:09:00] Checking Telegram (monitoring active window)...
[2026-02-03 23:09:00] === Monitor Cycle Complete ===
[2026-02-03 23:12:00] === Chat Monitor Starting ===
[2026-02-03 23:12:00] Checking iMessage...
[2026-02-03 23:12:00] Checking Telegram (monitoring active window)...
[2026-02-03 23:12:00] === Monitor Cycle Complete ===
[2026-02-03 23:15:00] === Chat Monitor Starting ===
[2026-02-03 23:15:00] Checking iMessage...
[2026-02-03 23:15:00] Checking Telegram (monitoring active window)...
[2026-02-03 23:15:00] === Monitor Cycle Complete ===
[2026-02-03 23:18:00] === Chat Monitor Starting ===
[2026-02-03 23:18:00] Checking iMessage...
[2026-02-03 23:18:00] Checking Telegram (monitoring active window)...
[2026-02-03 23:18:00] === Monitor Cycle Complete ===
[2026-02-03 23:21:01] === Chat Monitor Starting ===
[2026-02-03 23:21:01] Checking iMessage...
[2026-02-03 23:21:01] Checking Telegram (monitoring active window)...
[2026-02-03 23:21:01] === Monitor Cycle Complete ===
[2026-02-03 23:24:00] === Chat Monitor Starting ===
[2026-02-03 23:24:00] Checking iMessage...
[2026-02-03 23:24:00] Checking Telegram (monitoring active window)...
[2026-02-03 23:24:00] === Monitor Cycle Complete ===
[2026-02-03 23:27:00] === Chat Monitor Starting ===
[2026-02-03 23:27:00] Checking iMessage...
[2026-02-03 23:27:00] Checking Telegram (monitoring active window)...
[2026-02-03 23:27:00] === Monitor Cycle Complete ===
[2026-02-03 23:30:00] === Chat Monitor Starting ===
[2026-02-03 23:30:00] Checking iMessage...
[2026-02-03 23:30:00] Checking Telegram (monitoring active window)...
[2026-02-03 23:30:00] === Monitor Cycle Complete ===
[2026-02-03 23:33:00] === Chat Monitor Starting ===
[2026-02-03 23:33:00] Checking iMessage...
[2026-02-03 23:33:00] Checking Telegram (monitoring active window)...
[2026-02-03 23:33:00] === Monitor Cycle Complete ===
[2026-02-03 23:36:00] === Chat Monitor Starting ===
[2026-02-03 23:36:00] Checking iMessage...
[2026-02-03 23:36:00] Checking Telegram (monitoring active window)...
[2026-02-03 23:36:00] === Monitor Cycle Complete ===
[2026-02-03 23:39:00] === Chat Monitor Starting ===
[2026-02-03 23:39:00] Checking iMessage...
[2026-02-03 23:39:00] Checking Telegram (monitoring active window)...
[2026-02-03 23:39:00] === Monitor Cycle Complete ===
[2026-02-03 23:42:00] === Chat Monitor Starting ===
[2026-02-03 23:42:00] Checking iMessage...
[2026-02-03 23:42:00] Checking Telegram (monitoring active window)...
[2026-02-03 23:42:00] === Monitor Cycle Complete ===
[2026-02-03 23:45:01] === Chat Monitor Starting ===
[2026-02-03 23:45:01] Checking iMessage...
[2026-02-03 23:45:01] Checking Telegram (monitoring active window)...
[2026-02-03 23:45:01] === Monitor Cycle Complete ===
[2026-02-03 23:48:00] === Chat Monitor Starting ===
[2026-02-03 23:48:00] Checking iMessage...
[2026-02-03 23:48:00] Checking Telegram (monitoring active window)...
[2026-02-03 23:48:00] === Monitor Cycle Complete ===
[2026-02-03 23:51:00] === Chat Monitor Starting ===
[2026-02-03 23:51:00] Checking iMessage...
[2026-02-03 23:51:00] Checking Telegram (monitoring active window)...
[2026-02-03 23:51:01] === Monitor Cycle Complete ===
[2026-02-03 23:54:00] === Chat Monitor Starting ===
[2026-02-03 23:54:00] Checking iMessage...
[2026-02-03 23:54:00] Checking Telegram (monitoring active window)...
[2026-02-03 23:54:00] === Monitor Cycle Complete ===
[2026-02-03 23:57:00] === Chat Monitor Starting ===
[2026-02-03 23:57:00] Checking iMessage...
[2026-02-03 23:57:00] Checking Telegram (monitoring active window)...
[2026-02-03 23:57:00] === Monitor Cycle Complete ===
[2026-02-04 00:00:00] === Chat Monitor Starting ===
[2026-02-04 00:00:00] Checking iMessage...
[2026-02-04 00:00:00] Checking Telegram (monitoring active window)...
[2026-02-04 00:00:00] === Monitor Cycle Complete ===
[2026-02-04 00:03:00] === Chat Monitor Starting ===
[2026-02-04 00:03:00] Checking iMessage...
[2026-02-04 00:03:00] Checking Telegram (monitoring active window)...
[2026-02-04 00:03:01] === Monitor Cycle Complete ===
[2026-02-04 00:06:00] === Chat Monitor Starting ===
[2026-02-04 00:06:00] Checking iMessage...
[2026-02-04 00:06:00] Checking Telegram (monitoring active window)...
[2026-02-04 00:06:01] === Monitor Cycle Complete ===
[2026-02-04 00:09:00] === Chat Monitor Starting ===
[2026-02-04 00:09:00] Checking iMessage...
[2026-02-04 00:09:00] Checking Telegram (monitoring active window)...
[2026-02-04 00:09:01] === Monitor Cycle Complete ===
[2026-02-04 00:12:00] === Chat Monitor Starting ===
[2026-02-04 00:12:00] Checking iMessage...
[2026-02-04 00:12:00] Checking Telegram (monitoring active window)...
[2026-02-04 00:12:00] === Monitor Cycle Complete ===
[2026-02-04 00:15:00] === Chat Monitor Starting ===
[2026-02-04 00:15:00] Checking iMessage...
[2026-02-04 00:15:00] Checking Telegram (monitoring active window)...
[2026-02-04 00:15:01] === Monitor Cycle Complete ===
[2026-02-04 00:18:00] === Chat Monitor Starting ===
[2026-02-04 00:18:00] Checking iMessage...
[2026-02-04 00:18:01] Checking Telegram (monitoring active window)...
[2026-02-04 00:18:01] === Monitor Cycle Complete ===
[2026-02-04 00:21:00] === Chat Monitor Starting ===
[2026-02-04 00:21:00] Checking iMessage...
[2026-02-04 00:21:00] Checking Telegram (monitoring active window)...
[2026-02-04 00:21:00] === Monitor Cycle Complete ===
[2026-02-04 00:24:00] === Chat Monitor Starting ===
[2026-02-04 00:24:00] Checking iMessage...
[2026-02-04 00:24:00] Checking Telegram (monitoring active window)...
[2026-02-04 00:24:01] === Monitor Cycle Complete ===
[2026-02-04 00:27:00] === Chat Monitor Starting ===
[2026-02-04 00:27:00] Checking iMessage...
[2026-02-04 00:27:00] Checking Telegram (monitoring active window)...
[2026-02-04 00:27:00] === Monitor Cycle Complete ===
[2026-02-04 00:30:00] === Chat Monitor Starting ===
[2026-02-04 00:30:00] Checking iMessage...
[2026-02-04 00:30:00] Checking Telegram (monitoring active window)...
[2026-02-04 00:30:00] === Monitor Cycle Complete ===
[2026-02-04 00:33:00] === Chat Monitor Starting ===
[2026-02-04 00:33:00] Checking iMessage...
[2026-02-04 00:33:00] Checking Telegram (monitoring active window)...
[2026-02-04 00:33:00] === Monitor Cycle Complete ===
[2026-02-04 00:36:00] === Chat Monitor Starting ===
[2026-02-04 00:36:00] Checking iMessage...
[2026-02-04 00:36:00] Checking Telegram (monitoring active window)...
[2026-02-04 00:36:00] === Monitor Cycle Complete ===
[2026-02-04 00:39:00] === Chat Monitor Starting ===
[2026-02-04 00:39:00] Checking iMessage...
[2026-02-04 00:39:00] Checking Telegram (monitoring active window)...
[2026-02-04 00:39:00] === Monitor Cycle Complete ===
[2026-02-04 00:42:00] === Chat Monitor Starting ===
[2026-02-04 00:42:00] Checking iMessage...
[2026-02-04 00:42:00] Checking Telegram (monitoring active window)...
[2026-02-04 00:42:00] === Monitor Cycle Complete ===
[2026-02-04 00:45:00] === Chat Monitor Starting ===
[2026-02-04 00:45:00] Checking iMessage...
[2026-02-04 00:45:00] Checking Telegram (monitoring active window)...
[2026-02-04 00:45:00] === Monitor Cycle Complete ===
[2026-02-04 00:48:00] === Chat Monitor Starting ===
[2026-02-04 00:48:00] Checking iMessage...
[2026-02-04 00:48:00] Checking Telegram (monitoring active window)...
[2026-02-04 00:48:00] === Monitor Cycle Complete ===
[2026-02-04 00:51:00] === Chat Monitor Starting ===
[2026-02-04 00:51:00] Checking iMessage...
[2026-02-04 00:51:00] Checking Telegram (monitoring active window)...
[2026-02-04 00:51:00] === Monitor Cycle Complete ===
[2026-02-04 00:54:00] === Chat Monitor Starting ===
[2026-02-04 00:54:00] Checking iMessage...
[2026-02-04 00:54:00] Checking Telegram (monitoring active window)...
[2026-02-04 00:54:00] === Monitor Cycle Complete ===
[2026-02-04 00:57:01] === Chat Monitor Starting ===
[2026-02-04 00:57:01] Checking iMessage...
[2026-02-04 00:57:01] Checking Telegram (monitoring active window)...
[2026-02-04 00:57:01] === Monitor Cycle Complete ===
[2026-02-04 01:00:00] === Chat Monitor Starting ===
[2026-02-04 01:00:00] Checking iMessage...
[2026-02-04 01:00:00] Checking Telegram (monitoring active window)...
[2026-02-04 01:00:00] === Monitor Cycle Complete ===
[2026-02-04 01:03:00] === Chat Monitor Starting ===
[2026-02-04 01:03:00] Checking iMessage...
[2026-02-04 01:03:00] Checking Telegram (monitoring active window)...
[2026-02-04 01:03:00] === Monitor Cycle Complete ===
[2026-02-04 01:06:00] === Chat Monitor Starting ===
[2026-02-04 01:06:00] Checking iMessage...
[2026-02-04 01:06:00] Checking Telegram (monitoring active window)...
[2026-02-04 01:06:00] === Monitor Cycle Complete ===
[2026-02-04 01:09:01] === Chat Monitor Starting ===
[2026-02-04 01:09:01] Checking iMessage...
[2026-02-04 01:09:01] Checking Telegram (monitoring active window)...
[2026-02-04 01:09:01] === Monitor Cycle Complete ===
[2026-02-04 01:12:00] === Chat Monitor Starting ===
[2026-02-04 01:12:00] Checking iMessage...
[2026-02-04 01:12:00] Checking Telegram (monitoring active window)...
[2026-02-04 01:12:00] === Monitor Cycle Complete ===
[2026-02-04 01:15:00] === Chat Monitor Starting ===
[2026-02-04 01:15:00] Checking iMessage...
[2026-02-04 01:15:00] Checking Telegram (monitoring active window)...
[2026-02-04 01:15:01] === Monitor Cycle Complete ===
[2026-02-04 01:18:01] === Chat Monitor Starting ===
[2026-02-04 01:18:01] Checking iMessage...
[2026-02-04 01:18:01] Checking Telegram (monitoring active window)...
[2026-02-04 01:18:01] === Monitor Cycle Complete ===
[2026-02-04 01:21:00] === Chat Monitor Starting ===
[2026-02-04 01:21:00] Checking iMessage...
[2026-02-04 01:21:00] Checking Telegram (monitoring active window)...
[2026-02-04 01:21:00] === Monitor Cycle Complete ===
[2026-02-04 01:24:00] === Chat Monitor Starting ===
[2026-02-04 01:24:00] Checking iMessage...
[2026-02-04 01:24:00] Checking Telegram (monitoring active window)...
[2026-02-04 01:24:01] === Monitor Cycle Complete ===
[2026-02-04 01:27:00] === Chat Monitor Starting ===
[2026-02-04 01:27:00] Checking iMessage...
[2026-02-04 01:27:00] Checking Telegram (monitoring active window)...
[2026-02-04 01:27:00] === Monitor Cycle Complete ===
[2026-02-04 01:30:00] === Chat Monitor Starting ===
[2026-02-04 01:30:00] Checking iMessage...
[2026-02-04 01:30:00] Checking Telegram (monitoring active window)...
[2026-02-04 01:30:00] === Monitor Cycle Complete ===
[2026-02-04 01:33:00] === Chat Monitor Starting ===
[2026-02-04 01:33:00] Checking iMessage...
[2026-02-04 01:33:00] Checking Telegram (monitoring active window)...
[2026-02-04 01:33:00] === Monitor Cycle Complete ===
[2026-02-04 01:36:00] === Chat Monitor Starting ===
[2026-02-04 01:36:00] Checking iMessage...
[2026-02-04 01:36:00] Checking Telegram (monitoring active window)...
[2026-02-04 01:36:00] === Monitor Cycle Complete ===
[2026-02-04 01:39:00] === Chat Monitor Starting ===
[2026-02-04 01:39:00] Checking iMessage...
[2026-02-04 01:39:00] Checking Telegram (monitoring active window)...
[2026-02-04 01:39:00] === Monitor Cycle Complete ===
[2026-02-04 01:42:00] === Chat Monitor Starting ===
[2026-02-04 01:42:00] Checking iMessage...
[2026-02-04 01:42:00] Checking Telegram (monitoring active window)...
[2026-02-04 01:42:00] === Monitor Cycle Complete ===
[2026-02-04 01:45:00] === Chat Monitor Starting ===
[2026-02-04 01:45:00] Checking iMessage...
[2026-02-04 01:45:00] Checking Telegram (monitoring active window)...
[2026-02-04 01:45:00] === Monitor Cycle Complete ===
[2026-02-04 01:48:00] === Chat Monitor Starting ===
[2026-02-04 01:48:00] Checking iMessage...
[2026-02-04 01:48:00] Checking Telegram (monitoring active window)...
[2026-02-04 01:48:00] === Monitor Cycle Complete ===
[2026-02-04 01:51:00] === Chat Monitor Starting ===
[2026-02-04 01:51:00] Checking iMessage...
[2026-02-04 01:51:00] Checking Telegram (monitoring active window)...
[2026-02-04 01:51:00] === Monitor Cycle Complete ===
[2026-02-04 01:54:00] === Chat Monitor Starting ===
[2026-02-04 01:54:00] Checking iMessage...
[2026-02-04 01:54:00] Checking Telegram (monitoring active window)...
[2026-02-04 01:54:00] === Monitor Cycle Complete ===
[2026-02-04 01:57:00] === Chat Monitor Starting ===
[2026-02-04 01:57:00] Checking iMessage...
[2026-02-04 01:57:00] Checking Telegram (monitoring active window)...
[2026-02-04 01:57:00] === Monitor Cycle Complete ===
[2026-02-04 02:00:00] === Chat Monitor Starting ===
[2026-02-04 02:00:00] Checking iMessage...
[2026-02-04 02:00:00] Checking Telegram (monitoring active window)...
[2026-02-04 02:00:00] === Monitor Cycle Complete ===
[2026-02-04 02:03:00] === Chat Monitor Starting ===
[2026-02-04 02:03:00] Checking iMessage...
[2026-02-04 02:03:00] Checking Telegram (monitoring active window)...
[2026-02-04 02:03:00] === Monitor Cycle Complete ===
[2026-02-04 02:06:00] === Chat Monitor Starting ===
[2026-02-04 02:06:00] Checking iMessage...
[2026-02-04 02:06:00] Checking Telegram (monitoring active window)...
[2026-02-04 02:06:00] === Monitor Cycle Complete ===
[2026-02-04 02:09:01] === Chat Monitor Starting ===
[2026-02-04 02:09:01] Checking iMessage...
[2026-02-04 02:09:01] Checking Telegram (monitoring active window)...
[2026-02-04 02:09:01] === Monitor Cycle Complete ===
[2026-02-04 02:12:00] === Chat Monitor Starting ===
[2026-02-04 02:12:00] Checking iMessage...
[2026-02-04 02:12:00] Checking Telegram (monitoring active window)...
[2026-02-04 02:12:00] === Monitor Cycle Complete ===
[2026-02-04 02:15:00] === Chat Monitor Starting ===
[2026-02-04 02:15:00] Checking iMessage...
[2026-02-04 02:15:01] Checking Telegram (monitoring active window)...
[2026-02-04 02:15:01] === Monitor Cycle Complete ===
[2026-02-04 02:18:00] === Chat Monitor Starting ===
[2026-02-04 02:18:00] Checking iMessage...
[2026-02-04 02:18:00] Checking Telegram (monitoring active window)...
[2026-02-04 02:18:00] === Monitor Cycle Complete ===
[2026-02-04 02:21:00] === Chat Monitor Starting ===
[2026-02-04 02:21:00] Checking iMessage...
[2026-02-04 02:21:00] Checking Telegram (monitoring active window)...
[2026-02-04 02:21:01] === Monitor Cycle Complete ===
[2026-02-04 02:24:00] === Chat Monitor Starting ===
[2026-02-04 02:24:00] Checking iMessage...
[2026-02-04 02:24:00] Checking Telegram (monitoring active window)...
[2026-02-04 02:24:01] === Monitor Cycle Complete ===
[2026-02-04 02:27:00] === Chat Monitor Starting ===
[2026-02-04 02:27:00] Checking iMessage...
[2026-02-04 02:27:00] Checking Telegram (monitoring active window)...
[2026-02-04 02:27:00] === Monitor Cycle Complete ===
[2026-02-04 02:30:00] === Chat Monitor Starting ===
[2026-02-04 02:30:00] Checking iMessage...
[2026-02-04 02:30:00] Checking Telegram (monitoring active window)...
[2026-02-04 02:30:00] === Monitor Cycle Complete ===
[2026-02-04 02:33:00] === Chat Monitor Starting ===
[2026-02-04 02:33:00] Checking iMessage...
[2026-02-04 02:33:00] Checking Telegram (monitoring active window)...
[2026-02-04 02:33:00] === Monitor Cycle Complete ===
[2026-02-04 02:36:00] === Chat Monitor Starting ===
[2026-02-04 02:36:00] Checking iMessage...
[2026-02-04 02:36:00] Checking Telegram (monitoring active window)...
[2026-02-04 02:36:00] === Monitor Cycle Complete ===
[2026-02-04 02:39:00] === Chat Monitor Starting ===
[2026-02-04 02:39:00] Checking iMessage...
[2026-02-04 02:39:00] Checking Telegram (monitoring active window)...
[2026-02-04 02:39:00] === Monitor Cycle Complete ===
[2026-02-04 02:42:00] === Chat Monitor Starting ===
[2026-02-04 02:42:00] Checking iMessage...
[2026-02-04 02:42:00] Checking Telegram (monitoring active window)...
[2026-02-04 02:42:00] === Monitor Cycle Complete ===
[2026-02-04 02:45:01] === Chat Monitor Starting ===
[2026-02-04 02:45:01] Checking iMessage...
[2026-02-04 02:45:01] Checking Telegram (monitoring active window)...
[2026-02-04 02:45:01] === Monitor Cycle Complete ===
[2026-02-04 02:48:00] === Chat Monitor Starting ===
[2026-02-04 02:48:00] Checking iMessage...
[2026-02-04 02:48:00] Checking Telegram (monitoring active window)...
[2026-02-04 02:48:00] === Monitor Cycle Complete ===
[2026-02-04 02:51:00] === Chat Monitor Starting ===
[2026-02-04 02:51:00] Checking iMessage...
[2026-02-04 02:51:00] Checking Telegram (monitoring active window)...
[2026-02-04 02:51:01] === Monitor Cycle Complete ===
[2026-02-04 02:54:01] === Chat Monitor Starting ===
[2026-02-04 02:54:01] Checking iMessage...
[2026-02-04 02:54:01] Checking Telegram (monitoring active window)...
[2026-02-04 02:54:01] === Monitor Cycle Complete ===
[2026-02-04 02:57:00] === Chat Monitor Starting ===
[2026-02-04 02:57:00] Checking iMessage...
[2026-02-04 02:57:00] Checking Telegram (monitoring active window)...
[2026-02-04 02:57:00] === Monitor Cycle Complete ===
[2026-02-04 03:00:01] === Chat Monitor Starting ===
[2026-02-04 03:00:01] Checking iMessage...
[2026-02-04 03:00:01] Checking Telegram (monitoring active window)...
[2026-02-04 03:00:01] === Monitor Cycle Complete ===
[2026-02-04 03:03:00] === Chat Monitor Starting ===
[2026-02-04 03:03:00] Checking iMessage...
[2026-02-04 03:03:00] Checking Telegram (monitoring active window)...
[2026-02-04 03:03:00] === Monitor Cycle Complete ===
[2026-02-04 03:06:00] === Chat Monitor Starting ===
[2026-02-04 03:06:00] Checking iMessage...
[2026-02-04 03:06:00] Checking Telegram (monitoring active window)...
[2026-02-04 03:06:01] === Monitor Cycle Complete ===
[2026-02-04 03:09:00] === Chat Monitor Starting ===
[2026-02-04 03:09:00] Checking iMessage...
[2026-02-04 03:09:00] Checking Telegram (monitoring active window)...
[2026-02-04 03:09:00] === Monitor Cycle Complete ===
[2026-02-04 03:12:00] === Chat Monitor Starting ===
[2026-02-04 03:12:00] Checking iMessage...
[2026-02-04 03:12:00] Checking Telegram (monitoring active window)...
[2026-02-04 03:12:01] === Monitor Cycle Complete ===
[2026-02-04 03:15:00] === Chat Monitor Starting ===
[2026-02-04 03:15:00] Checking iMessage...
[2026-02-04 03:15:00] Checking Telegram (monitoring active window)...
[2026-02-04 03:15:00] === Monitor Cycle Complete ===
[2026-02-04 03:18:00] === Chat Monitor Starting ===
[2026-02-04 03:18:00] Checking iMessage...
[2026-02-04 03:18:00] Checking Telegram (monitoring active window)...
[2026-02-04 03:18:00] === Monitor Cycle Complete ===
[2026-02-04 03:21:00] === Chat Monitor Starting ===
[2026-02-04 03:21:00] Checking iMessage...
[2026-02-04 03:21:00] Checking Telegram (monitoring active window)...
[2026-02-04 03:21:00] === Monitor Cycle Complete ===
[2026-02-04 03:24:00] === Chat Monitor Starting ===
[2026-02-04 03:24:00] Checking iMessage...
[2026-02-04 03:24:00] Checking Telegram (monitoring active window)...
[2026-02-04 03:24:00] === Monitor Cycle Complete ===
[2026-02-04 03:27:00] === Chat Monitor Starting ===
[2026-02-04 03:27:00] Checking iMessage...
[2026-02-04 03:27:00] Checking Telegram (monitoring active window)...
[2026-02-04 03:27:00] === Monitor Cycle Complete ===
[2026-02-04 03:30:00] === Chat Monitor Starting ===
[2026-02-04 03:30:00] Checking iMessage...
[2026-02-04 03:30:00] Checking Telegram (monitoring active window)...
[2026-02-04 03:30:01] === Monitor Cycle Complete ===
[2026-02-04 03:33:00] === Chat Monitor Starting ===
[2026-02-04 03:33:00] Checking iMessage...
[2026-02-04 03:33:00] Checking Telegram (monitoring active window)...
[2026-02-04 03:33:00] === Monitor Cycle Complete ===
[2026-02-04 03:36:00] === Chat Monitor Starting ===
[2026-02-04 03:36:00] Checking iMessage...
[2026-02-04 03:36:00] Checking Telegram (monitoring active window)...
[2026-02-04 03:36:00] === Monitor Cycle Complete ===
[2026-02-04 03:39:00] === Chat Monitor Starting ===
[2026-02-04 03:39:00] Checking iMessage...
[2026-02-04 03:39:00] Checking Telegram (monitoring active window)...
[2026-02-04 03:39:00] === Monitor Cycle Complete ===
[2026-02-04 03:42:00] === Chat Monitor Starting ===
[2026-02-04 03:42:00] Checking iMessage...
[2026-02-04 03:42:00] Checking Telegram (monitoring active window)...
[2026-02-04 03:42:00] === Monitor Cycle Complete ===
[2026-02-04 03:45:00] === Chat Monitor Starting ===
[2026-02-04 03:45:00] Checking iMessage...
[2026-02-04 03:45:00] Checking Telegram (monitoring active window)...
[2026-02-04 03:45:00] === Monitor Cycle Complete ===
[2026-02-04 03:48:00] === Chat Monitor Starting ===
[2026-02-04 03:48:00] Checking iMessage...
[2026-02-04 03:48:00] Checking Telegram (monitoring active window)...
[2026-02-04 03:48:00] === Monitor Cycle Complete ===
[2026-02-04 03:51:00] === Chat Monitor Starting ===
[2026-02-04 03:51:00] Checking iMessage...
[2026-02-04 03:51:00] Checking Telegram (monitoring active window)...
[2026-02-04 03:51:01] === Monitor Cycle Complete ===
[2026-02-04 03:54:00] === Chat Monitor Starting ===
[2026-02-04 03:54:00] Checking iMessage...
[2026-02-04 03:54:00] Checking Telegram (monitoring active window)...
[2026-02-04 03:54:00] === Monitor Cycle Complete ===
[2026-02-04 03:57:00] === Chat Monitor Starting ===
[2026-02-04 03:57:01] Checking iMessage...
[2026-02-04 03:57:01] Checking Telegram (monitoring active window)...
[2026-02-04 03:57:01] === Monitor Cycle Complete ===
[2026-02-04 04:00:00] === Chat Monitor Starting ===
[2026-02-04 04:00:00] Checking iMessage...
[2026-02-04 04:00:00] Checking Telegram (monitoring active window)...
[2026-02-04 04:00:00] === Monitor Cycle Complete ===
[2026-02-04 04:03:00] === Chat Monitor Starting ===
[2026-02-04 04:03:00] Checking iMessage...
[2026-02-04 04:03:00] Checking Telegram (monitoring active window)...
[2026-02-04 04:03:01] === Monitor Cycle Complete ===
[2026-02-04 04:06:01] === Chat Monitor Starting ===
[2026-02-04 04:06:01] Checking iMessage...
[2026-02-04 04:06:01] Checking Telegram (monitoring active window)...
[2026-02-04 04:06:01] === Monitor Cycle Complete ===
[2026-02-04 04:09:00] === Chat Monitor Starting ===
[2026-02-04 04:09:00] Checking iMessage...
[2026-02-04 04:09:00] Checking Telegram (monitoring active window)...
[2026-02-04 04:09:01] === Monitor Cycle Complete ===
[2026-02-04 04:12:00] === Chat Monitor Starting ===
[2026-02-04 04:12:00] Checking iMessage...
[2026-02-04 04:12:00] Checking Telegram (monitoring active window)...
[2026-02-04 04:12:00] === Monitor Cycle Complete ===
[2026-02-04 04:15:00] === Chat Monitor Starting ===
[2026-02-04 04:15:00] Checking iMessage...
[2026-02-04 04:15:00] Checking Telegram (monitoring active window)...
[2026-02-04 04:15:00] === Monitor Cycle Complete ===
[2026-02-04 04:18:01] === Chat Monitor Starting ===
[2026-02-04 04:18:01] Checking iMessage...
[2026-02-04 04:18:01] Checking Telegram (monitoring active window)...
[2026-02-04 04:18:01] === Monitor Cycle Complete ===
[2026-02-04 04:21:00] === Chat Monitor Starting ===
[2026-02-04 04:21:00] Checking iMessage...
[2026-02-04 04:21:00] Checking Telegram (monitoring active window)...
[2026-02-04 04:21:00] === Monitor Cycle Complete ===
[2026-02-04 04:24:00] === Chat Monitor Starting ===
[2026-02-04 04:24:00] Checking iMessage...
[2026-02-04 04:24:00] Checking Telegram (monitoring active window)...
[2026-02-04 04:24:01] === Monitor Cycle Complete ===
[2026-02-04 04:27:00] === Chat Monitor Starting ===
[2026-02-04 04:27:00] Checking iMessage...
[2026-02-04 04:27:00] Checking Telegram (monitoring active window)...
[2026-02-04 04:27:00] === Monitor Cycle Complete ===
[2026-02-04 04:30:00] === Chat Monitor Starting ===
[2026-02-04 04:30:00] Checking iMessage...
[2026-02-04 04:30:00] Checking Telegram (monitoring active window)...
[2026-02-04 04:30:00] === Monitor Cycle Complete ===
[2026-02-04 04:33:00] === Chat Monitor Starting ===
[2026-02-04 04:33:00] Checking iMessage...
[2026-02-04 04:33:00] Checking Telegram (monitoring active window)...
[2026-02-04 04:33:00] === Monitor Cycle Complete ===
[2026-02-04 04:36:00] === Chat Monitor Starting ===
[2026-02-04 04:36:00] Checking iMessage...
[2026-02-04 04:36:00] Checking Telegram (monitoring active window)...
[2026-02-04 04:36:00] === Monitor Cycle Complete ===
[2026-02-04 04:39:01] === Chat Monitor Starting ===
[2026-02-04 04:39:01] Checking iMessage...
[2026-02-04 04:39:01] Checking Telegram (monitoring active window)...
[2026-02-04 04:39:01] === Monitor Cycle Complete ===
[2026-02-04 04:42:00] === Chat Monitor Starting ===
[2026-02-04 04:42:00] Checking iMessage...
[2026-02-04 04:42:00] Checking Telegram (monitoring active window)...
[2026-02-04 04:42:00] === Monitor Cycle Complete ===
[2026-02-04 04:45:01] === Chat Monitor Starting ===
[2026-02-04 04:45:01] Checking iMessage...
[2026-02-04 04:45:01] Checking Telegram (monitoring active window)...
[2026-02-04 04:45:01] === Monitor Cycle Complete ===
[2026-02-04 04:48:00] === Chat Monitor Starting ===
[2026-02-04 04:48:00] Checking iMessage...
[2026-02-04 04:48:00] Checking Telegram (monitoring active window)...
[2026-02-04 04:48:00] === Monitor Cycle Complete ===
[2026-02-04 04:51:00] === Chat Monitor Starting ===
[2026-02-04 04:51:00] Checking iMessage...
[2026-02-04 04:51:00] Checking Telegram (monitoring active window)...
[2026-02-04 04:51:01] === Monitor Cycle Complete ===
[2026-02-04 04:54:00] === Chat Monitor Starting ===
[2026-02-04 04:54:00] Checking iMessage...
[2026-02-04 04:54:00] Checking Telegram (monitoring active window)...
[2026-02-04 04:54:00] === Monitor Cycle Complete ===
[2026-02-04 04:57:00] === Chat Monitor Starting ===
[2026-02-04 04:57:00] Checking iMessage...
[2026-02-04 04:57:00] Checking Telegram (monitoring active window)...
[2026-02-04 04:57:01] === Monitor Cycle Complete ===
[2026-02-04 05:00:01] === Chat Monitor Starting ===
[2026-02-04 05:00:01] Checking iMessage...
[2026-02-04 05:00:01] Checking Telegram (monitoring active window)...
[2026-02-04 05:00:01] === Monitor Cycle Complete ===
[2026-02-04 05:03:00] === Chat Monitor Starting ===
[2026-02-04 05:03:00] Checking iMessage...
[2026-02-04 05:03:00] Checking Telegram (monitoring active window)...
[2026-02-04 05:03:01] === Monitor Cycle Complete ===
[2026-02-04 05:06:01] === Chat Monitor Starting ===
[2026-02-04 05:06:01] Checking iMessage...
[2026-02-04 05:06:01] Checking Telegram (monitoring active window)...
[2026-02-04 05:06:01] === Monitor Cycle Complete ===
[2026-02-04 05:09:00] === Chat Monitor Starting ===
[2026-02-04 05:09:00] Checking iMessage...
[2026-02-04 05:09:00] Checking Telegram (monitoring active window)...
[2026-02-04 05:09:00] === Monitor Cycle Complete ===
[2026-02-04 05:12:00] === Chat Monitor Starting ===
[2026-02-04 05:12:00] Checking iMessage...
[2026-02-04 05:12:01] Checking Telegram (monitoring active window)...
[2026-02-04 05:12:01] === Monitor Cycle Complete ===
[2026-02-04 05:15:00] === Chat Monitor Starting ===
[2026-02-04 05:15:00] Checking iMessage...
[2026-02-04 05:15:00] Checking Telegram (monitoring active window)...
[2026-02-04 05:15:00] === Monitor Cycle Complete ===
[2026-02-04 05:18:00] === Chat Monitor Starting ===
[2026-02-04 05:18:00] Checking iMessage...
[2026-02-04 05:18:00] Checking Telegram (monitoring active window)...
[2026-02-04 05:18:01] === Monitor Cycle Complete ===
[2026-02-04 05:21:00] === Chat Monitor Starting ===
[2026-02-04 05:21:00] Checking iMessage...
[2026-02-04 05:21:00] Checking Telegram (monitoring active window)...
[2026-02-04 05:21:00] === Monitor Cycle Complete ===
[2026-02-04 05:24:00] === Chat Monitor Starting ===
[2026-02-04 05:24:00] Checking iMessage...
[2026-02-04 05:24:00] Checking Telegram (monitoring active window)...
[2026-02-04 05:24:01] === Monitor Cycle Complete ===
[2026-02-04 05:27:00] === Chat Monitor Starting ===
[2026-02-04 05:27:00] Checking iMessage...
[2026-02-04 05:27:00] Checking Telegram (monitoring active window)...
[2026-02-04 05:27:00] === Monitor Cycle Complete ===
[2026-02-04 05:30:00] === Chat Monitor Starting ===
[2026-02-04 05:30:00] Checking iMessage...
[2026-02-04 05:30:00] Checking Telegram (monitoring active window)...
[2026-02-04 05:30:01] === Monitor Cycle Complete ===
[2026-02-04 05:33:00] === Chat Monitor Starting ===
[2026-02-04 05:33:00] Checking iMessage...
[2026-02-04 05:33:00] Checking Telegram (monitoring active window)...
[2026-02-04 05:33:00] === Monitor Cycle Complete ===
[2026-02-04 05:36:00] === Chat Monitor Starting ===
[2026-02-04 05:36:00] Checking iMessage...
[2026-02-04 05:36:00] Checking Telegram (monitoring active window)...
[2026-02-04 05:36:01] === Monitor Cycle Complete ===
[2026-02-04 05:39:00] === Chat Monitor Starting ===
[2026-02-04 05:39:00] Checking iMessage...
[2026-02-04 05:39:00] Checking Telegram (monitoring active window)...
[2026-02-04 05:39:00] === Monitor Cycle Complete ===
[2026-02-04 05:42:00] === Chat Monitor Starting ===
[2026-02-04 05:42:00] Checking iMessage...
[2026-02-04 05:42:00] Checking Telegram (monitoring active window)...
[2026-02-04 05:42:00] === Monitor Cycle Complete ===
[2026-02-04 05:45:00] === Chat Monitor Starting ===
[2026-02-04 05:45:00] Checking iMessage...
[2026-02-04 05:45:00] Checking Telegram (monitoring active window)...
[2026-02-04 05:45:00] === Monitor Cycle Complete ===
[2026-02-04 05:48:00] === Chat Monitor Starting ===
[2026-02-04 05:48:00] Checking iMessage...
[2026-02-04 05:48:00] Checking Telegram (monitoring active window)...
[2026-02-04 05:48:00] === Monitor Cycle Complete ===
[2026-02-04 05:51:00] === Chat Monitor Starting ===
[2026-02-04 05:51:00] Checking iMessage...
[2026-02-04 05:51:00] Checking Telegram (monitoring active window)...
[2026-02-04 05:51:01] === Monitor Cycle Complete ===
[2026-02-04 05:54:00] === Chat Monitor Starting ===
[2026-02-04 05:54:00] Checking iMessage...
[2026-02-04 05:54:00] Checking Telegram (monitoring active window)...
[2026-02-04 05:54:00] === Monitor Cycle Complete ===
[2026-02-04 05:57:00] === Chat Monitor Starting ===
[2026-02-04 05:57:00] Checking iMessage...
[2026-02-04 05:57:00] Checking Telegram (monitoring active window)...
[2026-02-04 05:57:01] === Monitor Cycle Complete ===
[2026-02-04 06:00:00] === Chat Monitor Starting ===
[2026-02-04 06:00:00] Checking iMessage...
[2026-02-04 06:00:01] Checking Telegram (monitoring active window)...
[2026-02-04 06:00:01] === Monitor Cycle Complete ===
[2026-02-04 06:03:00] === Chat Monitor Starting ===
[2026-02-04 06:03:00] Checking iMessage...
[2026-02-04 06:03:00] Checking Telegram (monitoring active window)...
[2026-02-04 06:03:00] === Monitor Cycle Complete ===
[2026-02-04 06:06:00] === Chat Monitor Starting ===
[2026-02-04 06:06:00] Checking iMessage...
[2026-02-04 06:06:00] Checking Telegram (monitoring active window)...
[2026-02-04 06:06:01] === Monitor Cycle Complete ===
[2026-02-04 06:09:00] === Chat Monitor Starting ===
[2026-02-04 06:09:00] Checking iMessage...
[2026-02-04 06:09:00] Checking Telegram (monitoring active window)...
[2026-02-04 06:09:00] === Monitor Cycle Complete ===
[2026-02-04 06:12:00] === Chat Monitor Starting ===
[2026-02-04 06:12:00] Checking iMessage...
[2026-02-04 06:12:00] Checking Telegram (monitoring active window)...
[2026-02-04 06:12:01] === Monitor Cycle Complete ===
[2026-02-04 06:15:00] === Chat Monitor Starting ===
[2026-02-04 06:15:00] Checking iMessage...
[2026-02-04 06:15:00] Checking Telegram (monitoring active window)...
[2026-02-04 06:15:00] === Monitor Cycle Complete ===
[2026-02-04 06:18:00] === Chat Monitor Starting ===
[2026-02-04 06:18:00] Checking iMessage...
[2026-02-04 06:18:00] Checking Telegram (monitoring active window)...
[2026-02-04 06:18:00] === Monitor Cycle Complete ===
[2026-02-04 06:21:00] === Chat Monitor Starting ===
[2026-02-04 06:21:00] Checking iMessage...
[2026-02-04 06:21:00] Checking Telegram (monitoring active window)...
[2026-02-04 06:21:00] === Monitor Cycle Complete ===
[2026-02-04 06:24:00] === Chat Monitor Starting ===
[2026-02-04 06:24:00] Checking iMessage...
[2026-02-04 06:24:00] Checking Telegram (monitoring active window)...
[2026-02-04 06:24:00] === Monitor Cycle Complete ===
[2026-02-04 06:27:00] === Chat Monitor Starting ===
[2026-02-04 06:27:00] Checking iMessage...
[2026-02-04 06:27:00] Checking Telegram (monitoring active window)...
[2026-02-04 06:27:01] === Monitor Cycle Complete ===
[2026-02-04 06:30:01] === Chat Monitor Starting ===
[2026-02-04 06:30:01] Checking iMessage...
[2026-02-04 06:30:01] Checking Telegram (monitoring active window)...
[2026-02-04 06:30:01] === Monitor Cycle Complete ===
[2026-02-04 06:33:00] === Chat Monitor Starting ===
[2026-02-04 06:33:00] Checking iMessage...
[2026-02-04 06:33:00] Checking Telegram (monitoring active window)...
[2026-02-04 06:33:01] === Monitor Cycle Complete ===
[2026-02-04 06:36:01] === Chat Monitor Starting ===
[2026-02-04 06:36:01] Checking iMessage...
[2026-02-04 06:36:01] Checking Telegram (monitoring active window)...
[2026-02-04 06:36:01] === Monitor Cycle Complete ===
[2026-02-04 06:39:00] === Chat Monitor Starting ===
[2026-02-04 06:39:00] Checking iMessage...
[2026-02-04 06:39:00] Checking Telegram (monitoring active window)...
[2026-02-04 06:39:00] === Monitor Cycle Complete ===
[2026-02-04 06:42:01] === Chat Monitor Starting ===
[2026-02-04 06:42:01] Checking iMessage...
[2026-02-04 06:42:01] Checking Telegram (monitoring active window)...
[2026-02-04 06:42:01] === Monitor Cycle Complete ===
[2026-02-04 06:45:00] === Chat Monitor Starting ===
[2026-02-04 06:45:00] Checking iMessage...
[2026-02-04 06:45:00] Checking Telegram (monitoring active window)...
[2026-02-04 06:45:00] === Monitor Cycle Complete ===
[2026-02-04 06:48:00] === Chat Monitor Starting ===
[2026-02-04 06:48:00] Checking iMessage...
[2026-02-04 06:48:00] Checking Telegram (monitoring active window)...
[2026-02-04 06:48:01] === Monitor Cycle Complete ===
[2026-02-04 06:51:00] === Chat Monitor Starting ===
[2026-02-04 06:51:00] Checking iMessage...
[2026-02-04 06:51:00] Checking Telegram (monitoring active window)...
[2026-02-04 06:51:00] === Monitor Cycle Complete ===
[2026-02-04 06:54:00] === Chat Monitor Starting ===
[2026-02-04 06:54:00] Checking iMessage...
[2026-02-04 06:54:00] Checking Telegram (monitoring active window)...
[2026-02-04 06:54:00] === Monitor Cycle Complete ===
[2026-02-04 06:57:00] === Chat Monitor Starting ===
[2026-02-04 06:57:00] Checking iMessage...
[2026-02-04 06:57:00] Checking Telegram (monitoring active window)...
[2026-02-04 06:57:00] === Monitor Cycle Complete ===
[2026-02-04 07:00:00] === Chat Monitor Starting ===
[2026-02-04 07:00:00] Checking iMessage...
[2026-02-04 07:00:00] Checking Telegram (monitoring active window)...
[2026-02-04 07:00:00] === Monitor Cycle Complete ===
[2026-02-04 07:03:00] === Chat Monitor Starting ===
[2026-02-04 07:03:01] Checking iMessage...
[2026-02-04 07:03:01] Checking Telegram (monitoring active window)...
[2026-02-04 07:03:01] === Monitor Cycle Complete ===
[2026-02-04 07:06:00] === Chat Monitor Starting ===
[2026-02-04 07:06:00] Checking iMessage...
[2026-02-04 07:06:00] Checking Telegram (monitoring active window)...
[2026-02-04 07:06:00] === Monitor Cycle Complete ===
[2026-02-04 07:09:00] === Chat Monitor Starting ===
[2026-02-04 07:09:00] Checking iMessage...
[2026-02-04 07:09:00] Checking Telegram (monitoring active window)...
[2026-02-04 07:09:01] === Monitor Cycle Complete ===
[2026-02-04 07:12:00] === Chat Monitor Starting ===
[2026-02-04 07:12:00] Checking iMessage...
[2026-02-04 07:12:00] Checking Telegram (monitoring active window)...
[2026-02-04 07:12:00] === Monitor Cycle Complete ===
[2026-02-04 07:15:00] === Chat Monitor Starting ===
[2026-02-04 07:15:00] Checking iMessage...
[2026-02-04 07:15:00] Checking Telegram (monitoring active window)...
[2026-02-04 07:15:01] === Monitor Cycle Complete ===
[2026-02-04 07:18:00] === Chat Monitor Starting ===
[2026-02-04 07:18:00] Checking iMessage...
[2026-02-04 07:18:00] Checking Telegram (monitoring active window)...
[2026-02-04 07:18:01] === Monitor Cycle Complete ===
[2026-02-04 07:21:00] === Chat Monitor Starting ===
[2026-02-04 07:21:00] Checking iMessage...
[2026-02-04 07:21:00] Checking Telegram (monitoring active window)...
[2026-02-04 07:21:00] === Monitor Cycle Complete ===
[2026-02-04 07:24:00] === Chat Monitor Starting ===
[2026-02-04 07:24:00] Checking iMessage...
[2026-02-04 07:24:00] Checking Telegram (monitoring active window)...
[2026-02-04 07:24:01] === Monitor Cycle Complete ===
[2026-02-04 07:27:00] === Chat Monitor Starting ===
[2026-02-04 07:27:00] Checking iMessage...
[2026-02-04 07:27:00] Checking Telegram (monitoring active window)...
[2026-02-04 07:27:00] === Monitor Cycle Complete ===
[2026-02-04 07:30:00] === Chat Monitor Starting ===
[2026-02-04 07:30:00] Checking iMessage...
[2026-02-04 07:30:00] Checking Telegram (monitoring active window)...
[2026-02-04 07:30:00] === Monitor Cycle Complete ===
[2026-02-04 07:33:00] === Chat Monitor Starting ===
[2026-02-04 07:33:00] Checking iMessage...
[2026-02-04 07:33:00] Checking Telegram (monitoring active window)...
[2026-02-04 07:33:00] === Monitor Cycle Complete ===
[2026-02-04 07:36:00] === Chat Monitor Starting ===
[2026-02-04 07:36:00] Checking iMessage...
[2026-02-04 07:36:00] Checking Telegram (monitoring active window)...
[2026-02-04 07:36:00] === Monitor Cycle Complete ===
[2026-02-04 07:39:00] === Chat Monitor Starting ===
[2026-02-04 07:39:00] Checking iMessage...
[2026-02-04 07:39:00] Checking Telegram (monitoring active window)...
[2026-02-04 07:39:00] === Monitor Cycle Complete ===
[2026-02-04 07:42:00] === Chat Monitor Starting ===
[2026-02-04 07:42:00] Checking iMessage...
[2026-02-04 07:42:00] Checking Telegram (monitoring active window)...
[2026-02-04 07:42:00] === Monitor Cycle Complete ===
[2026-02-04 07:45:00] === Chat Monitor Starting ===
[2026-02-04 07:45:00] Checking iMessage...
[2026-02-04 07:45:00] Checking Telegram (monitoring active window)...
[2026-02-04 07:45:00] === Monitor Cycle Complete ===
[2026-02-04 07:48:00] === Chat Monitor Starting ===
[2026-02-04 07:48:00] Checking iMessage...
[2026-02-04 07:48:00] Checking Telegram (monitoring active window)...
[2026-02-04 07:48:00] === Monitor Cycle Complete ===
[2026-02-04 07:51:01] === Chat Monitor Starting ===
[2026-02-04 07:51:01] Checking iMessage...
[2026-02-04 07:51:01] Checking Telegram (monitoring active window)...
[2026-02-04 07:51:01] === Monitor Cycle Complete ===
[2026-02-04 07:54:00] === Chat Monitor Starting ===
[2026-02-04 07:54:00] Checking iMessage...
[2026-02-04 07:54:00] Checking Telegram (monitoring active window)...
[2026-02-04 07:54:00] === Monitor Cycle Complete ===
[2026-02-04 07:57:00] === Chat Monitor Starting ===
[2026-02-04 07:57:00] Checking iMessage...
[2026-02-04 07:57:00] Checking Telegram (monitoring active window)...
[2026-02-04 07:57:01] === Monitor Cycle Complete ===
[2026-02-04 08:00:00] === Chat Monitor Starting ===
[2026-02-04 08:00:00] Checking iMessage...
[2026-02-04 08:00:00] Checking Telegram (monitoring active window)...
[2026-02-04 08:00:00] === Monitor Cycle Complete ===
[2026-02-04 08:03:00] === Chat Monitor Starting ===
[2026-02-04 08:03:00] Checking iMessage...
[2026-02-04 08:03:00] Checking Telegram (monitoring active window)...
[2026-02-04 08:03:01] === Monitor Cycle Complete ===
[2026-02-04 08:06:01] === Chat Monitor Starting ===
[2026-02-04 08:06:01] Checking iMessage...
[2026-02-04 08:06:01] Checking Telegram (monitoring active window)...
[2026-02-04 08:06:01] === Monitor Cycle Complete ===
[2026-02-04 08:09:00] === Chat Monitor Starting ===
[2026-02-04 08:09:00] Checking iMessage...
[2026-02-04 08:09:00] Checking Telegram (monitoring active window)...
[2026-02-04 08:09:00] === Monitor Cycle Complete ===
[2026-02-04 08:12:01] === Chat Monitor Starting ===
[2026-02-04 08:12:01] Checking iMessage...
[2026-02-04 08:12:01] Checking Telegram (monitoring active window)...
[2026-02-04 08:12:01] === Monitor Cycle Complete ===
[2026-02-04 08:15:00] === Chat Monitor Starting ===
[2026-02-04 08:15:00] Checking iMessage...
[2026-02-04 08:15:00] Checking Telegram (monitoring active window)...
[2026-02-04 08:15:01] === Monitor Cycle Complete ===
[2026-02-04 08:18:00] === Chat Monitor Starting ===
[2026-02-04 08:18:00] Checking iMessage...
[2026-02-04 08:18:00] Checking Telegram (monitoring active window)...
[2026-02-04 08:18:00] === Monitor Cycle Complete ===
[2026-02-04 08:21:00] === Chat Monitor Starting ===
[2026-02-04 08:21:00] Checking iMessage...
[2026-02-04 08:21:00] Checking Telegram (monitoring active window)...
[2026-02-04 08:21:01] === Monitor Cycle Complete ===
[2026-02-04 08:24:00] === Chat Monitor Starting ===
[2026-02-04 08:24:00] Checking iMessage...
[2026-02-04 08:24:00] Checking Telegram (monitoring active window)...
[2026-02-04 08:24:01] === Monitor Cycle Complete ===
[2026-02-04 08:27:00] === Chat Monitor Starting ===
[2026-02-04 08:27:00] Checking iMessage...
[2026-02-04 08:27:00] Checking Telegram (monitoring active window)...
[2026-02-04 08:27:00] === Monitor Cycle Complete ===
[2026-02-04 08:30:00] === Chat Monitor Starting ===
[2026-02-04 08:30:00] Checking iMessage...
[2026-02-04 08:30:00] Checking Telegram (monitoring active window)...
[2026-02-04 08:30:00] === Monitor Cycle Complete ===
[2026-02-04 08:33:00] === Chat Monitor Starting ===
[2026-02-04 08:33:00] Checking iMessage...
[2026-02-04 08:33:00] Checking Telegram (monitoring active window)...
[2026-02-04 08:33:00] === Monitor Cycle Complete ===
[2026-02-04 08:36:00] === Chat Monitor Starting ===
[2026-02-04 08:36:00] Checking iMessage...
[2026-02-04 08:36:00] Checking Telegram (monitoring active window)...
[2026-02-04 08:36:00] === Monitor Cycle Complete ===
[2026-02-04 08:39:00] === Chat Monitor Starting ===
[2026-02-04 08:39:00] Checking iMessage...
[2026-02-04 08:39:00] Checking Telegram (monitoring active window)...
[2026-02-04 08:39:00] === Monitor Cycle Complete ===
[2026-02-04 08:42:00] === Chat Monitor Starting ===
[2026-02-04 08:42:00] Checking iMessage...
[2026-02-04 08:42:00] Checking Telegram (monitoring active window)...
[2026-02-04 08:42:00] === Monitor Cycle Complete ===
[2026-02-04 08:45:00] === Chat Monitor Starting ===
[2026-02-04 08:45:00] Checking iMessage...
[2026-02-04 08:45:00] Checking Telegram (monitoring active window)...
[2026-02-04 08:45:00] === Monitor Cycle Complete ===
[2026-02-04 08:48:00] === Chat Monitor Starting ===
[2026-02-04 08:48:00] Checking iMessage...
[2026-02-04 08:48:00] Checking Telegram (monitoring active window)...
[2026-02-04 08:48:00] === Monitor Cycle Complete ===
[2026-02-04 08:51:00] === Chat Monitor Starting ===
[2026-02-04 08:51:00] Checking iMessage...
[2026-02-04 08:51:00] Checking Telegram (monitoring active window)...
[2026-02-04 08:51:00] === Monitor Cycle Complete ===
[2026-02-04 08:54:00] === Chat Monitor Starting ===
[2026-02-04 08:54:00] Checking iMessage...
[2026-02-04 08:54:00] Checking Telegram (monitoring active window)...
[2026-02-04 08:54:00] === Monitor Cycle Complete ===
[2026-02-04 08:57:00] === Chat Monitor Starting ===
[2026-02-04 08:57:00] Checking iMessage...
[2026-02-04 08:57:00] Checking Telegram (monitoring active window)...
[2026-02-04 08:57:00] === Monitor Cycle Complete ===
[2026-02-04 09:00:00] === Chat Monitor Starting ===
[2026-02-04 09:00:00] Checking iMessage...
[2026-02-04 09:00:00] Checking Telegram (monitoring active window)...
[2026-02-04 09:00:00] === Monitor Cycle Complete ===
[2026-02-04 09:03:00] === Chat Monitor Starting ===
[2026-02-04 09:03:00] Checking iMessage...
[2026-02-04 09:03:01] Checking Telegram (monitoring active window)...
[2026-02-04 09:03:01] === Monitor Cycle Complete ===
[2026-02-04 09:06:00] === Chat Monitor Starting ===
[2026-02-04 09:06:00] Checking iMessage...
[2026-02-04 09:06:01] Checking Telegram (monitoring active window)...
[2026-02-04 09:06:01] === Monitor Cycle Complete ===
[2026-02-04 09:09:00] === Chat Monitor Starting ===
[2026-02-04 09:09:00] Checking iMessage...
[2026-02-04 09:09:00] Checking Telegram (monitoring active window)...
[2026-02-04 09:09:00] === Monitor Cycle Complete ===
[2026-02-04 09:12:00] === Chat Monitor Starting ===
[2026-02-04 09:12:00] Checking iMessage...
[2026-02-04 09:12:00] Checking Telegram (monitoring active window)...
[2026-02-04 09:12:01] === Monitor Cycle Complete ===
[2026-02-04 09:15:00] === Chat Monitor Starting ===
[2026-02-04 09:15:00] Checking iMessage...
[2026-02-04 09:15:00] Checking Telegram (monitoring active window)...
[2026-02-04 09:15:00] === Monitor Cycle Complete ===
[2026-02-04 09:18:00] === Chat Monitor Starting ===
[2026-02-04 09:18:00] Checking iMessage...
[2026-02-04 09:18:00] Checking Telegram (monitoring active window)...
[2026-02-04 09:18:00] === Monitor Cycle Complete ===
[2026-02-04 09:21:00] === Chat Monitor Starting ===
[2026-02-04 09:21:00] Checking iMessage...
[2026-02-04 09:21:00] Checking Telegram (monitoring active window)...
[2026-02-04 09:21:00] === Monitor Cycle Complete ===
[2026-02-04 09:24:00] === Chat Monitor Starting ===
[2026-02-04 09:24:00] Checking iMessage...
[2026-02-04 09:24:00] Checking Telegram (monitoring active window)...
[2026-02-04 09:24:00] === Monitor Cycle Complete ===
[2026-02-04 09:27:00] === Chat Monitor Starting ===
[2026-02-04 09:27:00] Checking iMessage...
[2026-02-04 09:27:01] Checking Telegram (monitoring active window)...
[2026-02-04 09:27:01] === Monitor Cycle Complete ===
[2026-02-04 09:30:00] === Chat Monitor Starting ===
[2026-02-04 09:30:00] Checking iMessage...
[2026-02-04 09:30:00] Checking Telegram (monitoring active window)...
[2026-02-04 09:30:00] === Monitor Cycle Complete ===
[2026-02-04 09:33:00] === Chat Monitor Starting ===
[2026-02-04 09:33:00] Checking iMessage...
[2026-02-04 09:33:00] Checking Telegram (monitoring active window)...
[2026-02-04 09:33:00] === Monitor Cycle Complete ===
[2026-02-04 09:36:00] === Chat Monitor Starting ===
[2026-02-04 09:36:00] Checking iMessage...
[2026-02-04 09:36:00] Checking Telegram (monitoring active window)...
[2026-02-04 09:36:01] === Monitor Cycle Complete ===
[2026-02-04 09:39:00] === Chat Monitor Starting ===
[2026-02-04 09:39:00] Checking iMessage...
[2026-02-04 09:39:00] Checking Telegram (monitoring active window)...
[2026-02-04 09:39:00] === Monitor Cycle Complete ===
[2026-02-04 09:42:00] === Chat Monitor Starting ===
[2026-02-04 09:42:00] Checking iMessage...
[2026-02-04 09:42:00] Checking Telegram (monitoring active window)...
[2026-02-04 09:42:01] === Monitor Cycle Complete ===
[2026-02-04 09:45:00] === Chat Monitor Starting ===
[2026-02-04 09:45:00] Checking iMessage...
[2026-02-04 09:45:00] Checking Telegram (monitoring active window)...
[2026-02-04 09:45:00] === Monitor Cycle Complete ===
[2026-02-04 09:48:00] === Chat Monitor Starting ===
[2026-02-04 09:48:00] Checking iMessage...
[2026-02-04 09:48:00] Checking Telegram (monitoring active window)...
[2026-02-04 09:48:00] === Monitor Cycle Complete ===
[2026-02-04 09:51:01] === Chat Monitor Starting ===
[2026-02-04 09:51:01] Checking iMessage...
[2026-02-04 09:51:01] Checking Telegram (monitoring active window)...
[2026-02-04 09:51:01] === Monitor Cycle Complete ===
[2026-02-04 09:54:01] === Chat Monitor Starting ===
[2026-02-04 09:54:01] Checking iMessage...
[2026-02-04 09:54:01] Checking Telegram (monitoring active window)...
[2026-02-04 09:54:01] === Monitor Cycle Complete ===
[2026-02-04 09:57:00] === Chat Monitor Starting ===
[2026-02-04 09:57:00] Checking iMessage...
[2026-02-04 09:57:00] Checking Telegram (monitoring active window)...
[2026-02-04 09:57:00] === Monitor Cycle Complete ===
[2026-02-04 10:00:00] === Chat Monitor Starting ===
[2026-02-04 10:00:00] Checking iMessage...
[2026-02-04 10:00:00] Checking Telegram (monitoring active window)...
[2026-02-04 10:00:00] === Monitor Cycle Complete ===
[2026-02-04 10:03:00] === Chat Monitor Starting ===
[2026-02-04 10:03:00] Checking iMessage...
[2026-02-04 10:03:00] Checking Telegram (monitoring active window)...
[2026-02-04 10:03:00] === Monitor Cycle Complete ===
[2026-02-04 10:06:00] === Chat Monitor Starting ===
[2026-02-04 10:06:00] Checking iMessage...
[2026-02-04 10:06:00] Checking Telegram (monitoring active window)...
[2026-02-04 10:06:00] === Monitor Cycle Complete ===
[2026-02-04 10:09:00] === Chat Monitor Starting ===
[2026-02-04 10:09:00] Checking iMessage...
[2026-02-04 10:09:00] Checking Telegram (monitoring active window)...
[2026-02-04 10:09:01] === Monitor Cycle Complete ===
[2026-02-04 10:12:01] === Chat Monitor Starting ===
[2026-02-04 10:12:01] Checking iMessage...
[2026-02-04 10:12:01] Checking Telegram (monitoring active window)...
[2026-02-04 10:12:01] === Monitor Cycle Complete ===
[2026-02-04 10:15:00] === Chat Monitor Starting ===
[2026-02-04 10:15:00] Checking iMessage...
[2026-02-04 10:15:00] Checking Telegram (monitoring active window)...
[2026-02-04 10:15:00] === Monitor Cycle Complete ===
[2026-02-04 10:18:00] === Chat Monitor Starting ===
[2026-02-04 10:18:00] Checking iMessage...
[2026-02-04 10:18:00] Checking Telegram (monitoring active window)...
[2026-02-04 10:18:01] === Monitor Cycle Complete ===
[2026-02-04 10:21:00] === Chat Monitor Starting ===
[2026-02-04 10:21:00] Checking iMessage...
[2026-02-04 10:21:00] Checking Telegram (monitoring active window)...
[2026-02-04 10:21:00] === Monitor Cycle Complete ===
[2026-02-04 10:24:00] === Chat Monitor Starting ===
[2026-02-04 10:24:00] Checking iMessage...
[2026-02-04 10:24:00] Checking Telegram (monitoring active window)...
[2026-02-04 10:24:00] === Monitor Cycle Complete ===
[2026-02-04 10:27:00] === Chat Monitor Starting ===
[2026-02-04 10:27:00] Checking iMessage...
[2026-02-04 10:27:00] Checking Telegram (monitoring active window)...
[2026-02-04 10:27:00] === Monitor Cycle Complete ===
[2026-02-04 10:30:00] === Chat Monitor Starting ===
[2026-02-04 10:30:00] Checking iMessage...
[2026-02-04 10:30:00] Checking Telegram (monitoring active window)...
[2026-02-04 10:30:00] === Monitor Cycle Complete ===
